Using pre-set license
Built from '2020.2/staging' branch; Version is '2020.2.3f1 (8ff31bc5bf5b) revision 9433883'; Using compiler version '192528614'; Build Type 'Release'
OS: 'Windows 10 Home; OS build 19042.1110; Version 2009; 64bit' Language: 'en' Physical Memory: 16332 MB
BatchMode: 1, IsHumanControllingUs: 0, StartBugReporterOnCrash: 0, Is64bit: 1, IsPro: 0

 COMMAND LINE ARGUMENTS:
H:\Unity\2020.2.3f1\Editor\Unity.exe
-adb2
-batchMode
-noUpm
-name
AssetImportWorker1
-projectPath
H:/VGD projects/Term 5/VGP225 (21U-C-VGD5U) - AI Game Programming/ASSIGNMENT_1/VGP225_A1_Alexander_Adams
-logFile
Logs/AssetImportWorker1.log
-srvPort
54477
Successfully changed project path to: H:/VGD projects/Term 5/VGP225 (21U-C-VGD5U) - AI Game Programming/ASSIGNMENT_1/VGP225_A1_Alexander_Adams
H:/VGD projects/Term 5/VGP225 (21U-C-VGD5U) - AI Game Programming/ASSIGNMENT_1/VGP225_A1_Alexander_Adams
Using Asset Import Pipeline V2.
Refreshing native plugins compatible for Editor in 21.26 ms, found 0 plugins.
Preloading 0 native plugins for Editor in 0.00 ms.
Initialize engine version: 2020.2.3f1 (8ff31bc5bf5b)
[Subsystems] Discovering subsystems at path H:/Unity/2020.2.3f1/Editor/Data/Resources/UnitySubsystems
[Subsystems] Discovering subsystems at path H:/VGD projects/Term 5/VGP225 (21U-C-VGD5U) - AI Game Programming/ASSIGNMENT_1/VGP225_A1_Alexander_Adams/Assets
GfxDevice: creating device client; threaded=0
Direct3D:
    Version:  Direct3D 11.0 [level 11.1]
    Renderer: NVIDIA GeForce GTX 1080 (ID=0x1b80)
    Vendor:   
    VRAM:     8079 MB
    Driver:   27.21.14.5671
Initialize mono
Mono path[0] = 'H:/Unity/2020.2.3f1/Editor/Data/Managed'
Mono path[1] = 'H:/Unity/2020.2.3f1/Editor/Data/MonoBleedingEdge/lib/mono/unityjit'
Mono config path = 'H:/Unity/2020.2.3f1/Editor/Data/MonoBleedingEdge/etc'
Using monoOptions --debugger-agent=transport=dt_socket,embedding=1,server=y,suspend=n,address=127.0.0.1:56216
Begin MonoManager ReloadAssembly
Registering precompiled unity dll's ...
Register platform support module: H:/Unity/2020.2.3f1/Editor/Data/PlaybackEngines/WebGLSupport/UnityEditor.WebGL.Extensions.dll
Register platform support module: H:/Unity/2020.2.3f1/Editor/Data/PlaybackEngines/MacStandaloneSupport/UnityEditor.OSXStandalone.Extensions.dll
Register platform support module: H:/Unity/2020.2.3f1/Editor/Data/PlaybackEngines/WindowsStandaloneSupport/UnityEditor.WindowsStandalone.Extensions.dll
Register platform support module: H:/Unity/2020.2.3f1/Editor/Data/PlaybackEngines/LinuxStandaloneSupport/UnityEditor.LinuxStandalone.Extensions.dll
Register platform support module: H:/Unity/2020.2.3f1/Editor/Data/PlaybackEngines/LuminSupport/UnityEditor.Lumin.Extensions.dll
Registered in 0.002000 seconds.
Native extension for Lumin target not found
Native extension for LinuxStandalone target not found
Native extension for WindowsStandalone target not found
Native extension for OSXStandalone target not found
Native extension for WebGL target not found
Refreshing native plugins compatible for Editor in 22.22 ms, found 0 plugins.
Preloading 0 native plugins for Editor in 0.00 ms.
Invoked RoslynAnalysisRunner static constructor.
RoslynAnalysisRunner will not be running.
RoslynAnalysisRunner has terminated.
Mono: successfully reloaded assembly
- Completed reload, in  1.058 seconds
Platform modules already initialized, skipping
Registering precompiled user dll's ...
Registered in 0.000504 seconds.
Begin MonoManager ReloadAssembly
Native extension for Lumin target not found
Native extension for LinuxStandalone target not found
Native extension for WindowsStandalone target not found
Native extension for OSXStandalone target not found
Native extension for WebGL target not found
Refreshing native plugins compatible for Editor in 0.18 ms, found 0 plugins.
Preloading 0 native plugins for Editor in 0.00 ms.
Invoked RoslynAnalysisRunner static constructor.
RoslynAnalysisRunner will not be running.
RoslynAnalysisRunner has terminated.
Mono: successfully reloaded assembly
- Completed reload, in  0.805 seconds
Platform modules already initialized, skipping
========================================================================
Worker process is ready to serve import requests
Launched and connected shader compiler UnityShaderCompiler.exe after 0.04 seconds
Refreshing native plugins compatible for Editor in 0.18 ms, found 0 plugins.
Preloading 0 native plugins for Editor in 0.00 ms.
Unloading 1099 Unused Serialized files (Serialized files now loaded: 0)
System memory in use before: 68.8 MB.
System memory in use after: 68.8 MB.

Unloading 9 unused Assets to reduce memory usage. Loaded Objects now: 1558.
Total: 1.774500 ms (FindLiveObjects: 0.259300 ms CreateObjectMapping: 0.040800 ms MarkObjects: 1.392900 ms  DeleteObjects: 0.079700 ms)

========================================================================
Received Import Request.
  path: Assets
  artifactKey: Guid(00000000000000001000000000000000) Importer(815301076,1909f56bfc062723c751e8b465ee728b)
Start importing Assets using Guid(00000000000000001000000000000000) Importer(815301076,1909f56bfc062723c751e8b465ee728b)  -> (artifact id: '653ce283d384579a24208b2e4d727c2a') in 0.151455 seconds
  Import took 0.167618 seconds .

========================================================================
Received Import Request.
  Time since last request: 42.780628 seconds.
  path: Assets/Scenes
  artifactKey: Guid(a1ef678a10a7cfc40bf1fd1a39734b87) Importer(815301076,1909f56bfc062723c751e8b465ee728b)
Start importing Assets/Scenes using Guid(a1ef678a10a7cfc40bf1fd1a39734b87) Importer(815301076,1909f56bfc062723c751e8b465ee728b)  -> (artifact id: 'e99440513711d8e9e77e1fad92fc1cc3') in 0.006304 seconds
  Import took 0.008869 seconds .

========================================================================
Received Import Request.
  Time since last request: 0.002906 seconds.
  path: Assets/Scenes
  artifactKey: Guid(a1ef678a10a7cfc40bf1fd1a39734b87) Importer(815301076,1909f56bfc062723c751e8b465ee728b)
Start importing Assets/Scenes using Guid(a1ef678a10a7cfc40bf1fd1a39734b87) Importer(815301076,1909f56bfc062723c751e8b465ee728b)  -> (artifact id: 'e99440513711d8e9e77e1fad92fc1cc3') in 0.001977 seconds
  Import took 0.003853 seconds .

========================================================================
Received Import Request.
  Time since last request: 1216.200515 seconds.
  path: Assets/Cylinder.prefab
  artifactKey: Guid(a9219b42f630da44e97787680a4c9b6a) Importer(815301076,1909f56bfc062723c751e8b465ee728b)
Start importing Assets/Cylinder.prefab using Guid(a9219b42f630da44e97787680a4c9b6a) Importer(815301076,1909f56bfc062723c751e8b465ee728b)  -> (artifact id: '7219f53a10cfb132cb85ff1ffa716a17') in 0.228153 seconds
  Import took 0.230122 seconds .

========================================================================
Received Import Request.
  Time since last request: 17.601590 seconds.
  path: Assets/O Prefab.prefab
  artifactKey: Guid(a9219b42f630da44e97787680a4c9b6a) Importer(815301076,1909f56bfc062723c751e8b465ee728b)
Start importing Assets/O Prefab.prefab using Guid(a9219b42f630da44e97787680a4c9b6a) Importer(815301076,1909f56bfc062723c751e8b465ee728b)  -> (artifact id: 'fedb9dbeca7acdd0099fba72585f0893') in 0.013411 seconds
  Import took 0.015190 seconds .

========================================================================
Received Import Request.
  Time since last request: 92.367355 seconds.
  path: Assets/X Prefab.prefab
  artifactKey: Guid(5c38896c5452f4f458b7535e2c58fc7e) Importer(815301076,1909f56bfc062723c751e8b465ee728b)
Start importing Assets/X Prefab.prefab using Guid(5c38896c5452f4f458b7535e2c58fc7e) Importer(815301076,1909f56bfc062723c751e8b465ee728b)  -> (artifact id: '1549d4f71d4d8a44c91314fd4ff49d8e') in 0.033394 seconds
  Import took 0.035413 seconds .

========================================================================
Received Import Request.
  Time since last request: 35.709688 seconds.
  path: Assets/O Prefab.prefab
  artifactKey: Guid(a9219b42f630da44e97787680a4c9b6a) Importer(815301076,1909f56bfc062723c751e8b465ee728b)
Start importing Assets/O Prefab.prefab using Guid(a9219b42f630da44e97787680a4c9b6a) Importer(815301076,1909f56bfc062723c751e8b465ee728b)  -> (artifact id: '0df264c33a7342bf4e6c75406a5bdf22') in 0.012259 seconds
  Import took 0.014076 seconds .

========================================================================
Received Import Request.
  Time since last request: 21.859490 seconds.
  path: Assets/X Prefab.prefab
  artifactKey: Guid(5c38896c5452f4f458b7535e2c58fc7e) Importer(815301076,1909f56bfc062723c751e8b465ee728b)
Start importing Assets/X Prefab.prefab using Guid(5c38896c5452f4f458b7535e2c58fc7e) Importer(815301076,1909f56bfc062723c751e8b465ee728b)  -> (artifact id: '23249ec5db800ef7784ce2988c900074') in 0.007321 seconds
  Import took 0.009242 seconds .

========================================================================
Received Import Request.
  Time since last request: 0.000624 seconds.
  path: Assets/X Prefab.prefab
  artifactKey: Guid(5c38896c5452f4f458b7535e2c58fc7e) Importer(815301076,1909f56bfc062723c751e8b465ee728b)
Start importing Assets/X Prefab.prefab using Guid(5c38896c5452f4f458b7535e2c58fc7e) Importer(815301076,1909f56bfc062723c751e8b465ee728b)  -> (artifact id: '23249ec5db800ef7784ce2988c900074') in 0.006619 seconds
  Import took 0.008334 seconds .

========================================================================
Received Import Request.
  Time since last request: 27.281791 seconds.
  path: Assets/Prefabs
  artifactKey: Guid(c0f72842d3da51246b2c1f4fdd8bb038) Importer(815301076,1909f56bfc062723c751e8b465ee728b)
Start importing Assets/Prefabs using Guid(c0f72842d3da51246b2c1f4fdd8bb038) Importer(815301076,1909f56bfc062723c751e8b465ee728b)  -> (artifact id: '6298568cf4972468ebdd872f45864f6f') in 0.005969 seconds
  Import took 0.007664 seconds .

========================================================================
Received Import Request.
  Time since last request: 6.880739 seconds.
  path: Assets/Materials
  artifactKey: Guid(106cc4cd704367347a631a7863e5f13a) Importer(815301076,1909f56bfc062723c751e8b465ee728b)
Start importing Assets/Materials using Guid(106cc4cd704367347a631a7863e5f13a) Importer(815301076,1909f56bfc062723c751e8b465ee728b)  -> (artifact id: 'c6497c4e7b572049a52725a7ee00b9ce') in 0.006248 seconds
  Import took 0.007955 seconds .

========================================================================
Received Import Request.
  Time since last request: 16705.776409 seconds.
  path: Assets/Materials/Slot.prefab
  artifactKey: Guid(524d847adef18e1488ccb39e7b5ef905) Importer(815301076,1909f56bfc062723c751e8b465ee728b)
Start importing Assets/Materials/Slot.prefab using Guid(524d847adef18e1488ccb39e7b5ef905) Importer(815301076,1909f56bfc062723c751e8b465ee728b)  -> (artifact id: 'a3b34e642f66dc159e2ef489f83ef2be') in 0.070995 seconds
  Import took 0.085335 seconds .

========================================================================
Received Import Request.
  Time since last request: 125.326915 seconds.
  path: Assets/Prefabs/X Prefab.prefab
  artifactKey: Guid(5c38896c5452f4f458b7535e2c58fc7e) Importer(815301076,1909f56bfc062723c751e8b465ee728b)
Start importing Assets/Prefabs/X Prefab.prefab using Guid(5c38896c5452f4f458b7535e2c58fc7e) Importer(815301076,1909f56bfc062723c751e8b465ee728b)  -> (artifact id: 'ab5fb3576dd6624665053be2f3a13ef2') in 0.133190 seconds
  Import took 0.135062 seconds .

========================================================================
Received Import Request.
  Time since last request: 3.641958 seconds.
  path: Assets/Prefabs/O Prefab.prefab
  artifactKey: Guid(a9219b42f630da44e97787680a4c9b6a) Importer(815301076,1909f56bfc062723c751e8b465ee728b)
Start importing Assets/Prefabs/O Prefab.prefab using Guid(a9219b42f630da44e97787680a4c9b6a) Importer(815301076,1909f56bfc062723c751e8b465ee728b)  -> (artifact id: '600635a4a03cde52746038842e3989bf') in 0.021138 seconds
  Import took 0.023059 seconds .

========================================================================
Received Import Request.
  Time since last request: 0.002619 seconds.
  path: Assets/Prefabs/O Prefab.prefab
  artifactKey: Guid(a9219b42f630da44e97787680a4c9b6a) Importer(815301076,1909f56bfc062723c751e8b465ee728b)
Start importing Assets/Prefabs/O Prefab.prefab using Guid(a9219b42f630da44e97787680a4c9b6a) Importer(815301076,1909f56bfc062723c751e8b465ee728b)  -> (artifact id: '600635a4a03cde52746038842e3989bf') in 0.007035 seconds
  Import took 0.008843 seconds .

========================================================================
Received Import Request.
  Time since last request: 18.690493 seconds.
  path: Assets/Prefabs/O Prefab.prefab
  artifactKey: Guid(a9219b42f630da44e97787680a4c9b6a) Importer(815301076,1909f56bfc062723c751e8b465ee728b)
Start importing Assets/Prefabs/O Prefab.prefab using Guid(a9219b42f630da44e97787680a4c9b6a) Importer(815301076,1909f56bfc062723c751e8b465ee728b)  -> (artifact id: 'f6fa9385a5617406819222a30b18282d') in 0.007113 seconds
  Import took 0.008918 seconds .

========================================================================
Received Import Request.
  Time since last request: 50261.053152 seconds.
  path: Assets/GameManager.cs
  artifactKey: Guid(65fe95b0e1ed0e146ac4db6228061d47) Importer(815301076,1909f56bfc062723c751e8b465ee728b)
Start importing Assets/GameManager.cs using Guid(65fe95b0e1ed0e146ac4db6228061d47) Importer(815301076,1909f56bfc062723c751e8b465ee728b)  -> (artifact id: '70b06a875e50380f0b600da0eeb2b39b') in 0.014169 seconds
  Import took 0.016066 seconds .

========================================================================
Received Import Request.
  Time since last request: 0.005926 seconds.
  path: Assets/GameManager.cs
  artifactKey: Guid(65fe95b0e1ed0e146ac4db6228061d47) Importer(815301076,1909f56bfc062723c751e8b465ee728b)
Start importing Assets/GameManager.cs using Guid(65fe95b0e1ed0e146ac4db6228061d47) Importer(815301076,1909f56bfc062723c751e8b465ee728b)  -> (artifact id: '70b06a875e50380f0b600da0eeb2b39b') in 0.001704 seconds
  Import took 0.003431 seconds .

========================================================================
Received Prepare
Registering precompiled user dll's ...
Registered in 0.000579 seconds.
Begin MonoManager ReloadAssembly
Native extension for Lumin target not found
Native extension for LinuxStandalone target not found
Native extension for WindowsStandalone target not found
Native extension for OSXStandalone target not found
Native extension for WebGL target not found
Refreshing native plugins compatible for Editor in 0.23 ms, found 0 plugins.
Preloading 0 native plugins for Editor in 0.00 ms.
Invoked RoslynAnalysisRunner static constructor.
RoslynAnalysisRunner will not be running.
RoslynAnalysisRunner has terminated.
Mono: successfully reloaded assembly
- Completed reload, in  0.934 seconds
Platform modules already initialized, skipping
Refreshing native plugins compatible for Editor in 0.21 ms, found 0 plugins.
Preloading 0 native plugins for Editor in 0.00 ms.
Unloading 1095 Unused Serialized files (Serialized files now loaded: 0)
System memory in use before: 72.0 MB.
System memory in use after: 72.1 MB.

Unloading 5 unused Assets to reduce memory usage. Loaded Objects now: 1572.
Total: 1.574600 ms (FindLiveObjects: 0.140100 ms CreateObjectMapping: 0.026200 ms MarkObjects: 1.338300 ms  DeleteObjects: 0.069000 ms)

========================================================================
Received Import Request.
  Time since last request: 221.517660 seconds.
  path: Assets/gridObject.cs
  artifactKey: Guid(cf25e990e76bcf14ca4fe5139a48d952) Importer(815301076,1909f56bfc062723c751e8b465ee728b)
Start importing Assets/gridObject.cs using Guid(cf25e990e76bcf14ca4fe5139a48d952) Importer(815301076,1909f56bfc062723c751e8b465ee728b)  -> (artifact id: 'd883d3220165bac579a33af364fa19da') in 0.009980 seconds
  Import took 0.011838 seconds .

========================================================================
Received Prepare
Registering precompiled user dll's ...
Registered in 0.000561 seconds.
Begin MonoManager ReloadAssembly
Native extension for Lumin target not found
Native extension for LinuxStandalone target not found
Native extension for WindowsStandalone target not found
Native extension for OSXStandalone target not found
Native extension for WebGL target not found
Refreshing native plugins compatible for Editor in 0.19 ms, found 0 plugins.
Preloading 0 native plugins for Editor in 0.00 ms.
Invoked RoslynAnalysisRunner static constructor.
RoslynAnalysisRunner will not be running.
RoslynAnalysisRunner has terminated.
Mono: successfully reloaded assembly
- Completed reload, in  0.726 seconds
Platform modules already initialized, skipping
Refreshing native plugins compatible for Editor in 0.18 ms, found 0 plugins.
Preloading 0 native plugins for Editor in 0.00 ms.
Unloading 1096 Unused Serialized files (Serialized files now loaded: 0)
System memory in use before: 72.1 MB.
System memory in use after: 72.2 MB.

Unloading 5 unused Assets to reduce memory usage. Loaded Objects now: 1575.
Total: 2.322800 ms (FindLiveObjects: 0.165500 ms CreateObjectMapping: 0.028900 ms MarkObjects: 1.990700 ms  DeleteObjects: 0.136700 ms)

========================================================================
Received Import Request.
  Time since last request: 7879.138698 seconds.
  path: Assets/gridObject.cs
  artifactKey: Guid(cf25e990e76bcf14ca4fe5139a48d952) Importer(815301076,1909f56bfc062723c751e8b465ee728b)
Start importing Assets/gridObject.cs using Guid(cf25e990e76bcf14ca4fe5139a48d952) Importer(815301076,1909f56bfc062723c751e8b465ee728b)  -> (artifact id: 'bbf1bf1a9e0cee22ee87ec183ecac594') in 0.004246 seconds
  Import took 0.006071 seconds .

========================================================================
Received Prepare
Registering precompiled user dll's ...
Registered in 0.000476 seconds.
Begin MonoManager ReloadAssembly
Native extension for Lumin target not found
Native extension for LinuxStandalone target not found
Native extension for WindowsStandalone target not found
Native extension for OSXStandalone target not found
Native extension for WebGL target not found
Refreshing native plugins compatible for Editor in 0.19 ms, found 0 plugins.
Preloading 0 native plugins for Editor in 0.00 ms.
Invoked RoslynAnalysisRunner static constructor.
RoslynAnalysisRunner will not be running.
RoslynAnalysisRunner has terminated.
Mono: successfully reloaded assembly
- Completed reload, in  0.715 seconds
Platform modules already initialized, skipping
Refreshing native plugins compatible for Editor in 0.18 ms, found 0 plugins.
Preloading 0 native plugins for Editor in 0.00 ms.
Unloading 1096 Unused Serialized files (Serialized files now loaded: 0)
System memory in use before: 72.1 MB.
System memory in use after: 72.2 MB.

Unloading 5 unused Assets to reduce memory usage. Loaded Objects now: 1577.
Total: 1.447000 ms (FindLiveObjects: 0.137300 ms CreateObjectMapping: 0.026300 ms MarkObjects: 1.226900 ms  DeleteObjects: 0.055800 ms)

========================================================================
Received Prepare
Registering precompiled user dll's ...
Registered in 0.000481 seconds.
Begin MonoManager ReloadAssembly
Native extension for Lumin target not found
Native extension for LinuxStandalone target not found
Native extension for WindowsStandalone target not found
Native extension for OSXStandalone target not found
Native extension for WebGL target not found
Refreshing native plugins compatible for Editor in 0.19 ms, found 0 plugins.
Preloading 0 native plugins for Editor in 0.00 ms.
Invoked RoslynAnalysisRunner static constructor.
RoslynAnalysisRunner will not be running.
RoslynAnalysisRunner has terminated.
Mono: successfully reloaded assembly
- Completed reload, in  0.728 seconds
Platform modules already initialized, skipping
Refreshing native plugins compatible for Editor in 0.28 ms, found 0 plugins.
Preloading 0 native plugins for Editor in 0.00 ms.
Unloading 1096 Unused Serialized files (Serialized files now loaded: 0)
System memory in use before: 72.1 MB.
System memory in use after: 72.2 MB.

Unloading 5 unused Assets to reduce memory usage. Loaded Objects now: 1579.
Total: 1.601000 ms (FindLiveObjects: 0.156000 ms CreateObjectMapping: 0.028000 ms MarkObjects: 1.351100 ms  DeleteObjects: 0.064900 ms)

========================================================================
Received Prepare
Registering precompiled user dll's ...
Registered in 0.000564 seconds.
Begin MonoManager ReloadAssembly
Native extension for Lumin target not found
Native extension for LinuxStandalone target not found
Native extension for WindowsStandalone target not found
Native extension for OSXStandalone target not found
Native extension for WebGL target not found
Refreshing native plugins compatible for Editor in 0.18 ms, found 0 plugins.
Preloading 0 native plugins for Editor in 0.00 ms.
Invoked RoslynAnalysisRunner static constructor.
RoslynAnalysisRunner will not be running.
RoslynAnalysisRunner has terminated.
Mono: successfully reloaded assembly
- Completed reload, in  0.716 seconds
Platform modules already initialized, skipping
Refreshing native plugins compatible for Editor in 0.18 ms, found 0 plugins.
Preloading 0 native plugins for Editor in 0.00 ms.
Unloading 1096 Unused Serialized files (Serialized files now loaded: 0)
System memory in use before: 72.1 MB.
System memory in use after: 72.2 MB.

Unloading 5 unused Assets to reduce memory usage. Loaded Objects now: 1581.
Total: 1.520400 ms (FindLiveObjects: 0.142600 ms CreateObjectMapping: 0.026100 ms MarkObjects: 1.291400 ms  DeleteObjects: 0.059300 ms)

========================================================================
Received Prepare
Registering precompiled user dll's ...
Registered in 0.000523 seconds.
Begin MonoManager ReloadAssembly
Native extension for Lumin target not found
Native extension for LinuxStandalone target not found
Native extension for WindowsStandalone target not found
Native extension for OSXStandalone target not found
Native extension for WebGL target not found
Refreshing native plugins compatible for Editor in 0.18 ms, found 0 plugins.
Preloading 0 native plugins for Editor in 0.00 ms.
Invoked RoslynAnalysisRunner static constructor.
RoslynAnalysisRunner will not be running.
RoslynAnalysisRunner has terminated.
Mono: successfully reloaded assembly
- Completed reload, in  0.737 seconds
Platform modules already initialized, skipping
Refreshing native plugins compatible for Editor in 0.20 ms, found 0 plugins.
Preloading 0 native plugins for Editor in 0.00 ms.
Unloading 1096 Unused Serialized files (Serialized files now loaded: 0)
System memory in use before: 72.1 MB.
System memory in use after: 72.2 MB.

Unloading 5 unused Assets to reduce memory usage. Loaded Objects now: 1583.
Total: 1.563300 ms (FindLiveObjects: 0.152800 ms CreateObjectMapping: 0.026300 ms MarkObjects: 1.318100 ms  DeleteObjects: 0.065200 ms)

========================================================================
Received Prepare
Registering precompiled user dll's ...
Registered in 0.000642 seconds.
Begin MonoManager ReloadAssembly
Native extension for Lumin target not found
Native extension for LinuxStandalone target not found
Native extension for WindowsStandalone target not found
Native extension for OSXStandalone target not found
Native extension for WebGL target not found
Refreshing native plugins compatible for Editor in 0.19 ms, found 0 plugins.
Preloading 0 native plugins for Editor in 0.00 ms.
Invoked RoslynAnalysisRunner static constructor.
RoslynAnalysisRunner will not be running.
RoslynAnalysisRunner has terminated.
Mono: successfully reloaded assembly
- Completed reload, in  0.733 seconds
Platform modules already initialized, skipping
Refreshing native plugins compatible for Editor in 0.21 ms, found 0 plugins.
Preloading 0 native plugins for Editor in 0.00 ms.
Unloading 1096 Unused Serialized files (Serialized files now loaded: 0)
System memory in use before: 72.1 MB.
System memory in use after: 72.2 MB.

Unloading 5 unused Assets to reduce memory usage. Loaded Objects now: 1585.
Total: 1.542000 ms (FindLiveObjects: 0.164900 ms CreateObjectMapping: 0.028500 ms MarkObjects: 1.288100 ms  DeleteObjects: 0.059900 ms)

========================================================================
Received Prepare
Registering precompiled user dll's ...
Registered in 0.000515 seconds.
Begin MonoManager ReloadAssembly
Native extension for Lumin target not found
Native extension for LinuxStandalone target not found
Native extension for WindowsStandalone target not found
Native extension for OSXStandalone target not found
Native extension for WebGL target not found
Refreshing native plugins compatible for Editor in 0.19 ms, found 0 plugins.
Preloading 0 native plugins for Editor in 0.00 ms.
Invoked RoslynAnalysisRunner static constructor.
RoslynAnalysisRunner will not be running.
RoslynAnalysisRunner has terminated.
Mono: successfully reloaded assembly
- Completed reload, in  0.714 seconds
Platform modules already initialized, skipping
Refreshing native plugins compatible for Editor in 0.21 ms, found 0 plugins.
Preloading 0 native plugins for Editor in 0.00 ms.
Unloading 1096 Unused Serialized files (Serialized files now loaded: 0)
System memory in use before: 72.1 MB.
System memory in use after: 72.2 MB.

Unloading 5 unused Assets to reduce memory usage. Loaded Objects now: 1587.
Total: 1.642800 ms (FindLiveObjects: 0.152200 ms CreateObjectMapping: 0.028700 ms MarkObjects: 1.393700 ms  DeleteObjects: 0.067400 ms)

========================================================================
Received Import Request.
  Time since last request: 611.964108 seconds.
  path: Assets/Prefabs/GameManager.prefab
  artifactKey: Guid(fa665aa573f035f4e97cb2765e9e524c) Importer(815301076,1909f56bfc062723c751e8b465ee728b)
Start importing Assets/Prefabs/GameManager.prefab using Guid(fa665aa573f035f4e97cb2765e9e524c) Importer(815301076,1909f56bfc062723c751e8b465ee728b)  -> (artifact id: 'af03086b0ff5789d371a26672b35caf1') in 0.022814 seconds
  Import took 0.024662 seconds .

